2026-02-15 14:25:18 | INFO | case=1 | id=mass_5/html/0001-01.html | n_tokens=5021 | text=19.74KB | kv_est=1.53GB | pt=1.53GB | kv_time=14.628s | gpu_alloc=31.98GB gpu_reserved=35.11GB
2026-02-15 14:26:06 | INFO | case=2 | id=mass_5/html/0008-01.html | n_tokens=15135 | text=59.46KB | kv_est=4.62GB | pt=4.62GB | kv_time=48.520s | gpu_alloc=35.07GB gpu_reserved=47.16GB
2026-02-15 14:26:23 | INFO | case=3 | id=mass_5/html/0030-01.html | n_tokens=6077 | text=24.06KB | kv_est=1.85GB | pt=1.85GB | kv_time=17.285s | gpu_alloc=36.92GB gpu_reserved=47.16GB
2026-02-15 14:26:34 | INFO | case=4 | id=mass_5/html/0039-01.html | n_tokens=3824 | text=14.63KB | kv_est=1.17GB | pt=1.17GB | kv_time=10.656s | gpu_alloc=36.23GB gpu_reserved=47.16GB
2026-02-15 14:26:43 | INFO | case=5 | id=mass_5/html/0044-01.html | n_tokens=3085 | text=11.46KB | kv_est=964.06MB | pt=964.09MB | kv_time=9.099s | gpu_alloc=37.17GB gpu_reserved=47.16GB
2026-02-15 14:27:05 | INFO | case=6 | id=mass_5/html/0049-01.html | n_tokens=7743 | text=28.68KB | kv_est=2.36GB | pt=2.36GB | kv_time=21.818s | gpu_alloc=39.54GB gpu_reserved=47.16GB
2026-02-15 14:27:13 | INFO | case=7 | id=mass_5/html/0059-01.html | n_tokens=2977 | text=11.88KB | kv_est=930.31MB | pt=930.34MB | kv_time=8.145s | gpu_alloc=37.14GB gpu_reserved=47.16GB
2026-02-15 14:27:19 | INFO | case=8 | id=mass_5/html/0064-01.html | n_tokens=1973 | text=7.14KB | kv_est=616.56MB | pt=616.59MB | kv_time=5.654s | gpu_alloc=37.75GB gpu_reserved=47.16GB
2026-02-15 14:27:24 | INFO | case=9 | id=mass_5/html/0066-01.html | n_tokens=1989 | text=7.11KB | kv_est=621.56MB | pt=621.59MB | kv_time=5.536s | gpu_alloc=38.35GB gpu_reserved=47.16GB
2026-02-15 14:27:29 | INFO | case=10 | id=mass_5/html/0069-01.html | n_tokens=1687 | text=6.01KB | kv_est=527.19MB | pt=527.21MB | kv_time=4.564s | gpu_alloc=37.67GB gpu_reserved=47.16GB
2026-02-15 14:27:32 | INFO | case=11 | id=mass_5/html/0072-01.html | n_tokens=1041 | text=3.82KB | kv_est=325.31MB | pt=325.34MB | kv_time=3.097s | gpu_alloc=37.99GB gpu_reserved=47.16GB
2026-02-15 14:27:36 | INFO | case=12 | id=mass_5/html/0073-01.html | n_tokens=1320 | text=4.88KB | kv_est=412.50MB | pt=412.52MB | kv_time=4.242s | gpu_alloc=38.40GB gpu_reserved=47.16GB
2026-02-15 14:27:40 | INFO | case=13 | id=mass_5/html/0075-01.html | n_tokens=1405 | text=5.69KB | kv_est=439.06MB | pt=439.09MB | kv_time=3.900s | gpu_alloc=38.10GB gpu_reserved=47.16GB
2026-02-15 14:27:44 | INFO | case=14 | id=mass_5/html/0077-01.html | n_tokens=1117 | text=4.12KB | kv_est=349.06MB | pt=349.09MB | kv_time=3.585s | gpu_alloc=38.45GB gpu_reserved=47.16GB
2026-02-15 14:27:47 | INFO | case=15 | id=mass_5/html/0079-01.html | n_tokens=1223 | text=4.32KB | kv_est=382.19MB | pt=382.21MB | kv_time=3.428s | gpu_alloc=38.82GB gpu_reserved=47.16GB
2026-02-15 14:28:12 | INFO | case=16 | id=mass_5/html/0081-01.html | n_tokens=8539 | text=32.24KB | kv_est=2.61GB | pt=2.61GB | kv_time=24.646s | gpu_alloc=40.71GB gpu_reserved=47.16GB
2026-02-15 14:28:26 | INFO | case=17 | id=mass_5/html/0093-01.html | n_tokens=4966 | text=18.43KB | kv_est=1.52GB | pt=1.52GB | kv_time=13.891s | gpu_alloc=42.23GB gpu_reserved=47.16GB
2026-02-15 14:28:34 | INFO | case=18 | id=mass_5/html/0100-01.html | n_tokens=3167 | text=12.00KB | kv_est=989.69MB | pt=989.71MB | kv_time=8.610s | gpu_alloc=43.19GB gpu_reserved=47.16GB
2026-02-15 14:28:42 | INFO | case=19 | id=mass_5/html/0104-01.html | n_tokens=2561 | text=10.19KB | kv_est=800.31MB | pt=800.34MB | kv_time=7.641s | gpu_alloc=41.49GB gpu_reserved=47.16GB
2026-02-15 14:29:02 | INFO | case=20 | id=mass_5/html/0108-01.html | n_tokens=7047 | text=27.52KB | kv_est=2.15GB | pt=2.15GB | kv_time=20.065s | gpu_alloc=43.64GB gpu_reserved=48.45GB
2026-02-15 14:29:13 | INFO | case=21 | id=mass_5/html/0118-01.html | n_tokens=3968 | text=15.01KB | kv_est=1.21GB | pt=1.21GB | kv_time=10.998s | gpu_alloc=44.86GB gpu_reserved=48.45GB
2026-02-15 14:29:18 | INFO | case=22 | id=mass_5/html/0124-01.html | n_tokens=1479 | text=5.60KB | kv_est=462.19MB | pt=462.21MB | kv_time=4.803s | gpu_alloc=41.95GB gpu_reserved=48.45GB
2026-02-15 14:29:23 | INFO | case=23 | id=mass_5/html/0126-01.html | n_tokens=1932 | text=7.64KB | kv_est=603.75MB | pt=603.77MB | kv_time=5.444s | gpu_alloc=42.55GB gpu_reserved=48.45GB
2026-02-15 14:29:31 | INFO | case=24 | id=mass_5/html/0129-01.html | n_tokens=2375 | text=8.58KB | kv_est=742.19MB | pt=742.21MB | kv_time=7.789s | gpu_alloc=43.28GB gpu_reserved=48.45GB
2026-02-15 14:29:47 | INFO | case=25 | id=mass_5/html/0132-01.html | n_tokens=5554 | text=20.87KB | kv_est=1.69GB | pt=1.69GB | kv_time=15.467s | gpu_alloc=43.65GB gpu_reserved=49.47GB
2026-02-15 14:29:58 | INFO | case=26 | id=mass_5/html/0139-01.html | n_tokens=4006 | text=15.84KB | kv_est=1.22GB | pt=1.22GB | kv_time=10.969s | gpu_alloc=44.87GB gpu_reserved=49.47GB
2026-02-15 14:30:00 | INFO | case=27 | id=mass_5/html/0145-01.html | n_tokens=919 | text=3.54KB | kv_est=287.19MB | pt=287.21MB | kv_time=2.869s | gpu_alloc=45.16GB gpu_reserved=49.47GB
2026-02-15 14:30:06 | INFO | case=28 | id=mass_5/html/0146-01.html | n_tokens=2002 | text=7.49KB | kv_est=625.62MB | pt=625.65MB | kv_time=5.591s | gpu_alloc=44.26GB gpu_reserved=49.47GB
2026-02-15 14:30:09 | INFO | case=29 | id=mass_5/html/0149-01.html | n_tokens=951 | text=3.46KB | kv_est=297.19MB | pt=297.21MB | kv_time=2.684s | gpu_alloc=44.56GB gpu_reserved=49.47GB
2026-02-15 14:30:13 | INFO | case=30 | id=mass_5/html/0150-01.html | n_tokens=1370 | text=5.12KB | kv_est=428.12MB | pt=428.15MB | kv_time=4.204s | gpu_alloc=44.98GB gpu_reserved=49.47GB
2026-02-15 14:30:24 | INFO | case=31 | id=mass_5/html/0153-01.html | n_tokens=3999 | text=15.40KB | kv_est=1.22GB | pt=1.22GB | kv_time=11.053s | gpu_alloc=45.48GB gpu_reserved=49.47GB
2026-02-15 14:30:28 | INFO | case=32 | id=mass_5/html/0159-01.html | n_tokens=1306 | text=5.17KB | kv_est=408.12MB | pt=408.15MB | kv_time=4.048s | gpu_alloc=45.88GB gpu_reserved=49.47GB
2026-02-15 14:30:30 | INFO | case=33 | id=mass_5/html/0161-01.html | n_tokens=762 | text=2.96KB | kv_est=238.12MB | pt=238.15MB | kv_time=2.323s | gpu_alloc=46.13GB gpu_reserved=49.47GB
2026-02-15 14:30:38 | INFO | case=34 | id=mass_5/html/0162-01.html | n_tokens=2403 | text=9.72KB | kv_est=750.94MB | pt=750.96MB | kv_time=7.361s | gpu_alloc=46.21GB gpu_reserved=49.47GB
2026-02-15 14:30:53 | INFO | case=35 | id=mass_5/html/0166-01.html | n_tokens=5285 | text=20.97KB | kv_est=1.61GB | pt=1.61GB | kv_time=14.888s | gpu_alloc=47.83GB gpu_reserved=52.17GB
2026-02-15 14:30:57 | INFO | case=36 | id=mass_5/html/0174-01.html | n_tokens=1592 | text=6.31KB | kv_est=497.50MB | pt=497.52MB | kv_time=4.557s | gpu_alloc=48.32GB gpu_reserved=52.17GB
2026-02-15 14:31:04 | INFO | case=37 | id=mass_5/html/0177-01.html | n_tokens=2256 | text=8.00KB | kv_est=705.00MB | pt=705.02MB | kv_time=6.832s | gpu_alloc=35.76GB gpu_reserved=52.17GB
2026-02-15 14:31:08 | INFO | case=38 | id=mass_5/html/0181-01.html | n_tokens=1321 | text=4.85KB | kv_est=412.81MB | pt=412.84MB | kv_time=4.152s | gpu_alloc=36.16GB gpu_reserved=52.17GB
2026-02-15 14:31:16 | INFO | case=39 | id=mass_5/html/0183-01.html | n_tokens=2449 | text=9.44KB | kv_est=765.31MB | pt=765.34MB | kv_time=7.878s | gpu_alloc=36.91GB gpu_reserved=52.17GB
2026-02-15 14:31:22 | INFO | case=40 | id=mass_5/html/0186-01.html | n_tokens=1966 | text=7.13KB | kv_est=614.38MB | pt=614.40MB | kv_time=5.486s | gpu_alloc=36.36GB gpu_reserved=52.17GB
2026-02-15 14:31:27 | INFO | case=41 | id=mass_5/html/0189-01.html | n_tokens=1917 | text=7.06KB | kv_est=599.06MB | pt=599.09MB | kv_time=5.159s | gpu_alloc=36.94GB gpu_reserved=52.17GB
2026-02-15 14:31:37 | INFO | case=42 | id=mass_5/html/0192-01.html | n_tokens=3540 | text=12.05KB | kv_est=1.08GB | pt=1.08GB | kv_time=9.989s | gpu_alloc=38.02GB gpu_reserved=52.17GB
2026-02-15 14:31:40 | INFO | case=43 | id=mass_5/html/0196-01.html | n_tokens=1116 | text=4.45KB | kv_est=348.75MB | pt=348.77MB | kv_time=3.558s | gpu_alloc=36.70GB gpu_reserved=52.17GB
2026-02-15 14:31:41 | INFO | case=44 | id=mass_5/html/0198-01.html | n_tokens=186 | text=718.00B | kv_est=58.12MB | pt=58.15MB | kv_time=0.568s | gpu_alloc=36.76GB gpu_reserved=52.25GB
2026-02-15 14:31:42 | INFO | case=45 | id=mass_5/html/0199-01.html | n_tokens=243 | text=970.00B | kv_est=75.94MB | pt=75.96MB | kv_time=0.910s | gpu_alloc=36.83GB gpu_reserved=52.33GB
2026-02-15 14:31:46 | INFO | case=46 | id=mass_5/html/0200-01.html | n_tokens=1471 | text=5.67KB | kv_est=459.69MB | pt=459.71MB | kv_time=3.923s | gpu_alloc=37.15GB gpu_reserved=52.33GB
2026-02-15 14:31:49 | INFO | case=47 | id=mass_5/html/0203-01.html | n_tokens=1091 | text=4.11KB | kv_est=340.94MB | pt=340.96MB | kv_time=3.540s | gpu_alloc=37.49GB gpu_reserved=52.33GB
2026-02-15 14:31:55 | INFO | case=48 | id=mass_5/html/0204-01.html | n_tokens=2302 | text=8.52KB | kv_est=719.38MB | pt=719.40MB | kv_time=6.154s | gpu_alloc=38.19GB gpu_reserved=52.33GB
2026-02-15 14:32:03 | INFO | case=49 | id=mass_5/html/0208-01.html | n_tokens=2427 | text=9.59KB | kv_est=758.44MB | pt=758.46MB | kv_time=7.170s | gpu_alloc=37.89GB gpu_reserved=52.33GB
2026-02-15 14:32:09 | INFO | case=50 | id=mass_5/html/0211-01.html | n_tokens=2277 | text=8.76KB | kv_est=711.56MB | pt=711.59MB | kv_time=6.241s | gpu_alloc=38.59GB gpu_reserved=52.33GB
2026-02-15 14:32:09 | INFO | PROGRESS cases=50 (skipped: not_reporter=461032, bad_id=41, missing_text=0) | pt_total=44.67GB | kv_time_sum=425.6s | wall=550.4s
2026-02-15 14:32:18 | INFO | case=51 | id=mass_5/html/0215-01.html | n_tokens=3103 | text=11.58KB | kv_est=969.69MB | pt=969.71MB | kv_time=9.154s | gpu_alloc=39.54GB gpu_reserved=52.33GB
2026-02-15 14:32:29 | INFO | case=52 | id=mass_5/html/0219-01.html | n_tokens=4010 | text=15.84KB | kv_est=1.22GB | pt=1.22GB | kv_time=11.079s | gpu_alloc=39.11GB gpu_reserved=52.33GB
2026-02-15 14:32:37 | INFO | case=53 | id=mass_5/html/0226-01.html | n_tokens=2606 | text=10.20KB | kv_est=814.38MB | pt=814.40MB | kv_time=7.717s | gpu_alloc=39.91GB gpu_reserved=52.33GB
2026-02-15 14:32:42 | INFO | case=54 | id=mass_5/html/0230-01.html | n_tokens=1982 | text=7.35KB | kv_est=619.38MB | pt=619.40MB | kv_time=5.484s | gpu_alloc=40.52GB gpu_reserved=52.33GB
2026-02-15 14:32:46 | INFO | case=55 | id=mass_5/html/0233-01.html | n_tokens=1405 | text=5.44KB | kv_est=439.06MB | pt=439.09MB | kv_time=3.858s | gpu_alloc=39.54GB gpu_reserved=52.33GB
2026-02-15 14:32:51 | INFO | case=56 | id=mass_5/html/0235-01.html | n_tokens=1810 | text=6.90KB | kv_est=565.62MB | pt=565.65MB | kv_time=4.980s | gpu_alloc=40.10GB gpu_reserved=52.33GB
2026-02-15 14:32:53 | INFO | case=57 | id=mass_5/html/0238-01.html | n_tokens=588 | text=1.99KB | kv_est=183.75MB | pt=183.77MB | kv_time=1.916s | gpu_alloc=40.29GB gpu_reserved=52.33GB
2026-02-15 14:32:56 | INFO | case=58 | id=mass_5/html/0239-01.html | n_tokens=1269 | text=4.52KB | kv_est=396.56MB | pt=396.59MB | kv_time=3.390s | gpu_alloc=39.93GB gpu_reserved=52.33GB
2026-02-15 14:32:59 | INFO | case=59 | id=mass_5/html/0241-01.html | n_tokens=909 | text=3.32KB | kv_est=284.06MB | pt=284.09MB | kv_time=2.934s | gpu_alloc=40.22GB gpu_reserved=52.33GB
2026-02-15 14:33:06 | INFO | case=60 | id=mass_5/html/0242-01.html | n_tokens=2239 | text=8.39KB | kv_est=699.69MB | pt=699.71MB | kv_time=6.491s | gpu_alloc=40.90GB gpu_reserved=52.33GB
2026-02-15 14:33:08 | INFO | case=61 | id=mass_5/html/0246-01.html | n_tokens=598 | text=2.22KB | kv_est=186.88MB | pt=186.90MB | kv_time=2.117s | gpu_alloc=40.14GB gpu_reserved=52.33GB
2026-02-15 14:33:08 | INFO | case=62 | id=mass_5/html/0247-01.html | n_tokens=187 | text=686.00B | kv_est=58.44MB | pt=58.46MB | kv_time=0.569s | gpu_alloc=40.19GB gpu_reserved=52.33GB
2026-02-15 14:33:09 | INFO | case=63 | id=mass_5/html/0247-02.html | n_tokens=280 | text=1.04KB | kv_est=87.50MB | pt=87.52MB | kv_time=0.909s | gpu_alloc=40.30GB gpu_reserved=52.33GB
2026-02-15 14:33:14 | INFO | case=64 | id=mass_5/html/0248-01.html | n_tokens=1516 | text=5.72KB | kv_est=473.75MB | pt=473.77MB | kv_time=4.492s | gpu_alloc=40.60GB gpu_reserved=52.33GB
2026-02-15 14:33:16 | INFO | case=65 | id=mass_5/html/0251-01.html | n_tokens=580 | text=2.04KB | kv_est=181.25MB | pt=181.27MB | kv_time=1.867s | gpu_alloc=40.79GB gpu_reserved=52.33GB
2026-02-15 14:33:19 | INFO | case=66 | id=mass_5/html/0252-01.html | n_tokens=1052 | text=4.27KB | kv_est=328.75MB | pt=328.77MB | kv_time=3.255s | gpu_alloc=41.12GB gpu_reserved=52.33GB
2026-02-15 14:33:22 | INFO | case=67 | id=mass_5/html/0254-01.html | n_tokens=890 | text=3.39KB | kv_est=278.12MB | pt=278.15MB | kv_time=2.601s | gpu_alloc=40.87GB gpu_reserved=52.33GB
2026-02-15 14:33:27 | INFO | case=68 | id=mass_5/html/0255-01.html | n_tokens=2090 | text=7.62KB | kv_est=653.12MB | pt=653.15MB | kv_time=5.603s | gpu_alloc=41.51GB gpu_reserved=52.33GB
2026-02-15 14:33:36 | INFO | case=69 | id=mass_5/html/0259-01.html | n_tokens=3145 | text=12.40KB | kv_est=982.81MB | pt=982.84MB | kv_time=8.620s | gpu_alloc=42.47GB gpu_reserved=52.33GB
2026-02-15 14:33:38 | INFO | case=70 | id=mass_5/html/0264-01.html | n_tokens=884 | text=3.32KB | kv_est=276.25MB | pt=276.27MB | kv_time=2.568s | gpu_alloc=41.15GB gpu_reserved=52.33GB
2026-02-15 14:33:40 | INFO | case=71 | id=mass_5/html/0266-01.html | n_tokens=635 | text=2.23KB | kv_est=198.44MB | pt=198.46MB | kv_time=1.933s | gpu_alloc=41.36GB gpu_reserved=52.33GB
2026-02-15 14:33:53 | INFO | case=72 | id=mass_5/html/0267-01.html | n_tokens=4462 | text=16.59KB | kv_est=1.36GB | pt=1.36GB | kv_time=12.371s | gpu_alloc=42.72GB gpu_reserved=52.33GB
2026-02-15 14:33:57 | INFO | case=73 | id=mass_5/html/0273-01.html | n_tokens=1315 | text=5.22KB | kv_est=410.94MB | pt=410.96MB | kv_time=4.118s | gpu_alloc=36.16GB gpu_reserved=52.33GB
2026-02-15 14:34:00 | INFO | case=74 | id=mass_5/html/0276-01.html | n_tokens=1385 | text=5.64KB | kv_est=432.81MB | pt=432.84MB | kv_time=3.598s | gpu_alloc=36.58GB gpu_reserved=52.33GB
2026-02-15 14:34:07 | INFO | case=75 | id=mass_5/html/0278-01.html | n_tokens=2496 | text=8.65KB | kv_est=780.00MB | pt=780.02MB | kv_time=6.812s | gpu_alloc=37.34GB gpu_reserved=52.33GB
2026-02-15 14:34:09 | INFO | case=76 | id=mass_5/html/0281-01.html | n_tokens=490 | text=1.78KB | kv_est=153.12MB | pt=153.15MB | kv_time=1.617s | gpu_alloc=36.32GB gpu_reserved=52.33GB
2026-02-15 14:34:10 | INFO | case=77 | id=mass_5/html/0282-01.html | n_tokens=431 | text=1.59KB | kv_est=134.69MB | pt=134.71MB | kv_time=1.459s | gpu_alloc=36.46GB gpu_reserved=52.33GB
2026-02-15 14:34:22 | INFO | case=78 | id=mass_5/html/0284-01.html | n_tokens=4209 | text=16.11KB | kv_est=1.28GB | pt=1.28GB | kv_time=11.618s | gpu_alloc=37.74GB gpu_reserved=52.33GB
2026-02-15 14:34:23 | INFO | case=79 | id=mass_5/html/0290-01.html | n_tokens=378 | text=1.45KB | kv_est=118.12MB | pt=118.15MB | kv_time=1.096s | gpu_alloc=36.44GB gpu_reserved=52.33GB
2026-02-15 14:34:24 | INFO | case=80 | id=mass_5/html/0292-01.html | n_tokens=277 | text=1.04KB | kv_est=86.56MB | pt=86.59MB | kv_time=0.924s | gpu_alloc=36.54GB gpu_reserved=52.33GB
2026-02-15 14:34:29 | INFO | case=81 | id=mass_5/html/0293-01.html | n_tokens=1984 | text=7.47KB | kv_est=620.00MB | pt=620.02MB | kv_time=5.503s | gpu_alloc=37.15GB gpu_reserved=52.33GB
2026-02-15 14:34:31 | INFO | case=82 | id=mass_5/html/0296-01.html | n_tokens=395 | text=1.58KB | kv_est=123.44MB | pt=123.46MB | kv_time=1.360s | gpu_alloc=36.57GB gpu_reserved=52.33GB
2026-02-15 14:34:37 | INFO | case=83 | id=mass_5/html/0296-02.html | n_tokens=2129 | text=8.29KB | kv_est=665.31MB | pt=665.34MB | kv_time=6.274s | gpu_alloc=37.22GB gpu_reserved=52.33GB
2026-02-15 14:34:45 | INFO | case=84 | id=mass_5/html/0300-01.html | n_tokens=2437 | text=9.34KB | kv_est=761.56MB | pt=761.59MB | kv_time=7.792s | gpu_alloc=37.97GB gpu_reserved=52.33GB
2026-02-15 14:34:46 | INFO | case=85 | id=mass_5/html/0303-01.html | n_tokens=304 | text=1.12KB | kv_est=95.00MB | pt=95.02MB | kv_time=0.934s | gpu_alloc=36.67GB gpu_reserved=52.33GB
2026-02-15 14:34:48 | INFO | case=86 | id=mass_5/html/0304-01.html | n_tokens=712 | text=2.57KB | kv_est=222.50MB | pt=222.52MB | kv_time=2.336s | gpu_alloc=36.89GB gpu_reserved=52.33GB
2026-02-15 14:34:53 | INFO | case=87 | id=mass_5/html/0305-01.html | n_tokens=1640 | text=6.31KB | kv_est=512.50MB | pt=512.52MB | kv_time=4.509s | gpu_alloc=37.40GB gpu_reserved=52.33GB
2026-02-15 14:34:58 | INFO | case=88 | id=mass_5/html/0308-01.html | n_tokens=1954 | text=7.60KB | kv_est=610.62MB | pt=610.65MB | kv_time=5.443s | gpu_alloc=37.27GB gpu_reserved=52.33GB
2026-02-15 14:35:07 | INFO | case=89 | id=mass_5/html/0311-01.html | n_tokens=3173 | text=12.19KB | kv_est=991.56MB | pt=991.59MB | kv_time=8.570s | gpu_alloc=38.24GB gpu_reserved=52.33GB
2026-02-15 14:35:08 | INFO | case=90 | id=mass_5/html/0315-01.html | n_tokens=461 | text=1.87KB | kv_est=144.06MB | pt=144.09MB | kv_time=1.526s | gpu_alloc=38.39GB gpu_reserved=52.33GB
2026-02-15 14:35:09 | INFO | case=91 | id=mass_5/html/0316-01.html | n_tokens=326 | text=1.26KB | kv_est=101.88MB | pt=101.90MB | kv_time=1.148s | gpu_alloc=37.38GB gpu_reserved=52.33GB
2026-02-15 14:35:15 | INFO | case=92 | id=mass_5/html/0317-01.html | n_tokens=2281 | text=8.91KB | kv_est=712.81MB | pt=712.84MB | kv_time=6.142s | gpu_alloc=38.07GB gpu_reserved=52.33GB
2026-02-15 14:35:26 | INFO | case=93 | id=mass_5/html/0320-01.html | n_tokens=3487 | text=13.58KB | kv_est=1.06GB | pt=1.06GB | kv_time=10.364s | gpu_alloc=39.14GB gpu_reserved=52.33GB
2026-02-15 14:35:27 | INFO | case=94 | id=mass_5/html/0326-01.html | n_tokens=254 | text=1021.00B | kv_est=79.38MB | pt=79.40MB | kv_time=0.742s | gpu_alloc=37.45GB gpu_reserved=52.33GB
2026-02-15 14:35:37 | INFO | case=95 | id=mass_5/html/0327-01.html | n_tokens=3509 | text=13.56KB | kv_est=1.07GB | pt=1.07GB | kv_time=10.141s | gpu_alloc=38.53GB gpu_reserved=52.33GB
2026-02-15 14:35:38 | INFO | case=96 | id=mass_5/html/0332-01.html | n_tokens=386 | text=1.37KB | kv_est=120.62MB | pt=120.65MB | kv_time=1.333s | gpu_alloc=38.66GB gpu_reserved=52.33GB
2026-02-15 14:35:43 | INFO | case=97 | id=mass_5/html/0333-01.html | n_tokens=1495 | text=5.37KB | kv_est=467.19MB | pt=467.21MB | kv_time=4.910s | gpu_alloc=37.91GB gpu_reserved=52.33GB
2026-02-15 14:35:49 | INFO | case=98 | id=mass_5/html/0335-01.html | n_tokens=2143 | text=8.36KB | kv_est=669.69MB | pt=669.71MB | kv_time=6.314s | gpu_alloc=38.57GB gpu_reserved=52.33GB
2026-02-15 14:35:54 | INFO | case=99 | id=mass_5/html/0338-01.html | n_tokens=1897 | text=7.10KB | kv_est=592.81MB | pt=592.84MB | kv_time=5.166s | gpu_alloc=39.16GB gpu_reserved=52.33GB
2026-02-15 14:37:28 | INFO | case=100 | id=mass_5/html/0341-01.html | n_tokens=27339 | text=105.04KB | kv_est=8.34GB | pt=8.34GB | kv_time=93.393s | gpu_alloc=46.26GB gpu_reserved=66.26GB
2026-02-15 14:37:28 | INFO | PROGRESS cases=100 (skipped: not_reporter=461032, bad_id=41, missing_text=0) | pt_total=76.87GB | kv_time_sum=744.7s | wall=869.5s
2026-02-15 14:37:30 | INFO | case=101 | id=mass_5/html/0378-01.html | n_tokens=824 | text=3.01KB | kv_est=257.50MB | pt=257.52MB | kv_time=2.518s | gpu_alloc=46.52GB gpu_reserved=66.26GB
2026-02-15 14:37:34 | INFO | case=102 | id=mass_5/html/0380-01.html | n_tokens=1457 | text=5.95KB | kv_est=455.31MB | pt=455.34MB | kv_time=3.999s | gpu_alloc=46.97GB gpu_reserved=66.26GB
2026-02-15 14:37:43 | INFO | case=103 | id=mass_5/html/0382-01.html | n_tokens=3046 | text=11.36KB | kv_est=951.88MB | pt=951.90MB | kv_time=8.432s | gpu_alloc=47.19GB gpu_reserved=66.26GB
2026-02-15 14:37:53 | INFO | case=104 | id=mass_5/html/0386-01.html | n_tokens=3023 | text=11.43KB | kv_est=944.69MB | pt=944.71MB | kv_time=9.744s | gpu_alloc=48.11GB gpu_reserved=66.26GB
2026-02-15 14:37:57 | INFO | case=105 | id=mass_5/html/0391-01.html | n_tokens=1891 | text=7.48KB | kv_est=590.94MB | pt=590.96MB | kv_time=4.764s | gpu_alloc=48.69GB gpu_reserved=66.26GB
2026-02-15 14:38:05 | INFO | case=106 | id=mass_5/html/0394-01.html | n_tokens=2394 | text=8.88KB | kv_est=748.12MB | pt=748.15MB | kv_time=7.740s | gpu_alloc=47.92GB gpu_reserved=66.26GB
2026-02-15 14:38:10 | INFO | case=107 | id=mass_5/html/0397-01.html | n_tokens=1570 | text=5.90KB | kv_est=490.62MB | pt=490.65MB | kv_time=4.530s | gpu_alloc=48.40GB gpu_reserved=66.26GB
2026-02-15 14:38:14 | INFO | case=108 | id=mass_5/html/0399-01.html | n_tokens=1570 | text=6.23KB | kv_est=490.62MB | pt=490.65MB | kv_time=4.568s | gpu_alloc=48.88GB gpu_reserved=66.26GB
2026-02-15 14:38:18 | INFO | case=109 | id=mass_5/html/0403-01.html | n_tokens=1406 | text=4.96KB | kv_est=439.38MB | pt=439.40MB | kv_time=3.853s | gpu_alloc=36.59GB gpu_reserved=66.26GB
2026-02-15 14:38:19 | INFO | case=110 | id=mass_5/html/0405-01.html | n_tokens=377 | text=1.33KB | kv_est=117.81MB | pt=117.84MB | kv_time=1.091s | gpu_alloc=36.71GB gpu_reserved=66.26GB
2026-02-15 14:38:33 | INFO | case=111 | id=mass_5/html/0406-01.html | n_tokens=5075 | text=20.21KB | kv_est=1.55GB | pt=1.55GB | kv_time=14.122s | gpu_alloc=38.26GB gpu_reserved=66.26GB
2026-02-15 14:38:38 | INFO | case=112 | id=mass_5/html/0414-01.html | n_tokens=1816 | text=6.61KB | kv_est=567.50MB | pt=567.52MB | kv_time=5.017s | gpu_alloc=37.15GB gpu_reserved=66.26GB
2026-02-15 14:38:45 | INFO | case=113 | id=mass_5/html/0416-01.html | n_tokens=2290 | text=7.47KB | kv_est=715.62MB | pt=715.65MB | kv_time=6.266s | gpu_alloc=37.85GB gpu_reserved=66.26GB
2026-02-15 14:38:47 | INFO | case=114 | id=mass_5/html/0419-01.html | n_tokens=806 | text=2.87KB | kv_est=251.88MB | pt=251.90MB | kv_time=2.424s | gpu_alloc=38.10GB gpu_reserved=66.26GB
2026-02-15 14:38:50 | INFO | case=115 | id=mass_5/html/0421-01.html | n_tokens=1248 | text=4.71KB | kv_est=390.00MB | pt=390.02MB | kv_time=3.380s | gpu_alloc=37.53GB gpu_reserved=66.26GB
2026-02-15 14:38:53 | INFO | case=116 | id=mass_5/html/0423-01.html | n_tokens=734 | text=2.69KB | kv_est=229.38MB | pt=229.40MB | kv_time=2.311s | gpu_alloc=37.77GB gpu_reserved=66.26GB
2026-02-15 14:39:12 | INFO | case=117 | id=mass_5/html/0424-01.html | n_tokens=6753 | text=26.14KB | kv_est=2.06GB | pt=2.06GB | kv_time=19.103s | gpu_alloc=39.83GB gpu_reserved=66.26GB
2026-02-15 14:39:35 | INFO | case=118 | id=mass_50/html/0001-01.html | n_tokens=7991 | text=30.43KB | kv_est=2.44GB | pt=2.44GB | kv_time=22.849s | gpu_alloc=39.97GB gpu_reserved=66.26GB
2026-02-15 14:39:46 | INFO | case=119 | id=mass_50/html/0016-01.html | n_tokens=4090 | text=16.19KB | kv_est=1.25GB | pt=1.25GB | kv_time=11.245s | gpu_alloc=41.22GB gpu_reserved=66.26GB
2026-02-15 14:39:54 | INFO | case=120 | id=mass_50/html/0023-01.html | n_tokens=2762 | text=10.12KB | kv_est=863.12MB | pt=863.15MB | kv_time=8.256s | gpu_alloc=42.07GB gpu_reserved=66.26GB
2026-02-15 14:40:13 | INFO | case=121 | id=mass_50/html/0028-01.html | n_tokens=6525 | text=24.02KB | kv_est=1.99GB | pt=1.99GB | kv_time=18.509s | gpu_alloc=41.96GB gpu_reserved=66.26GB
2026-02-15 14:40:18 | INFO | case=122 | id=mass_50/html/0039-01.html | n_tokens=1874 | text=7.24KB | kv_est=585.62MB | pt=585.65MB | kv_time=5.123s | gpu_alloc=42.53GB gpu_reserved=66.26GB
2026-02-15 14:40:34 | INFO | case=123 | id=mass_50/html/0042-01.html | n_tokens=5867 | text=22.16KB | kv_est=1.79GB | pt=1.79GB | kv_time=16.510s | gpu_alloc=44.33GB gpu_reserved=66.26GB
2026-02-15 14:40:52 | INFO | case=124 | id=mass_50/html/0052-01.html | n_tokens=6199 | text=23.54KB | kv_est=1.89GB | pt=1.89GB | kv_time=17.674s | gpu_alloc=43.85GB gpu_reserved=66.26GB
2026-02-15 14:41:02 | INFO | case=125 | id=mass_50/html/0063-01.html | n_tokens=3528 | text=12.45KB | kv_est=1.08GB | pt=1.08GB | kv_time=10.239s | gpu_alloc=44.93GB gpu_reserved=66.26GB
2026-02-15 14:41:08 | INFO | case=126 | id=mass_50/html/0069-01.html | n_tokens=1987 | text=7.77KB | kv_est=620.94MB | pt=620.96MB | kv_time=5.503s | gpu_alloc=45.54GB gpu_reserved=66.26GB
2026-02-15 14:41:16 | INFO | case=127 | id=mass_50/html/0073-01.html | n_tokens=3006 | text=11.63KB | kv_est=939.38MB | pt=939.40MB | kv_time=8.326s | gpu_alloc=44.77GB gpu_reserved=66.26GB
2026-02-15 14:41:24 | INFO | case=128 | id=mass_50/html/0078-01.html | n_tokens=2571 | text=10.23KB | kv_est=803.44MB | pt=803.46MB | kv_time=7.602s | gpu_alloc=45.56GB gpu_reserved=66.26GB
2026-02-15 14:41:37 | INFO | case=129 | id=mass_50/html/0083-01.html | n_tokens=4570 | text=16.61KB | kv_est=1.39GB | pt=1.39GB | kv_time=12.706s | gpu_alloc=46.96GB gpu_reserved=66.26GB
2026-02-15 14:41:41 | INFO | case=130 | id=mass_50/html/0091-01.html | n_tokens=1414 | text=5.53KB | kv_est=441.88MB | pt=441.90MB | kv_time=4.260s | gpu_alloc=45.21GB gpu_reserved=66.26GB
2026-02-15 14:43:02 | INFO | case=131 | id=mass_50/html/0093-01.html | n_tokens=23392 | text=87.99KB | kv_est=7.14GB | pt=7.14GB | kv_time=80.844s | gpu_alloc=52.35GB gpu_reserved=66.26GB
2026-02-15 14:43:07 | INFO | case=132 | id=mass_50/html/0134-01.html | n_tokens=1627 | text=5.81KB | kv_est=508.44MB | pt=508.46MB | kv_time=4.853s | gpu_alloc=52.85GB gpu_reserved=66.26GB
2026-02-15 14:43:10 | INFO | case=133 | id=mass_50/html/0137-01.html | n_tokens=839 | text=2.96KB | kv_est=262.19MB | pt=262.21MB | kv_time=2.769s | gpu_alloc=45.51GB gpu_reserved=66.26GB
2026-02-15 14:43:18 | INFO | case=134 | id=mass_50/html/0138-01.html | n_tokens=2854 | text=10.08KB | kv_est=891.88MB | pt=891.90MB | kv_time=7.748s | gpu_alloc=46.38GB gpu_reserved=66.26GB
2026-02-15 14:43:30 | INFO | case=135 | id=mass_50/html/0143-01.html | n_tokens=4437 | text=16.15KB | kv_est=1.35GB | pt=1.35GB | kv_time=12.287s | gpu_alloc=47.73GB gpu_reserved=66.26GB
2026-02-15 14:43:37 | INFO | case=136 | id=mass_50/html/0150-01.html | n_tokens=2494 | text=9.10KB | kv_est=779.38MB | pt=779.40MB | kv_time=6.809s | gpu_alloc=46.27GB gpu_reserved=66.26GB
2026-02-15 14:43:51 | INFO | case=137 | id=mass_50/html/0155-01.html | n_tokens=5073 | text=19.76KB | kv_est=1.55GB | pt=1.55GB | kv_time=14.016s | gpu_alloc=47.82GB gpu_reserved=66.26GB
2026-02-15 14:44:02 | INFO | case=138 | id=mass_50/html/0164-01.html | n_tokens=3867 | text=14.57KB | kv_est=1.18GB | pt=1.18GB | kv_time=11.221s | gpu_alloc=49.00GB gpu_reserved=66.26GB
2026-02-15 14:44:05 | INFO | case=139 | id=mass_50/html/0170-01.html | n_tokens=1049 | text=3.59KB | kv_est=327.81MB | pt=327.84MB | kv_time=3.383s | gpu_alloc=46.59GB gpu_reserved=66.26GB
2026-02-15 14:44:09 | INFO | case=140 | id=mass_50/html/0172-01.html | n_tokens=1116 | text=4.00KB | kv_est=348.75MB | pt=348.77MB | kv_time=3.444s | gpu_alloc=46.94GB gpu_reserved=66.26GB
2026-02-15 14:44:14 | INFO | case=141 | id=mass_50/html/0174-01.html | n_tokens=1554 | text=5.74KB | kv_est=485.62MB | pt=485.65MB | kv_time=4.932s | gpu_alloc=47.41GB gpu_reserved=66.26GB
2026-02-15 14:44:19 | INFO | case=142 | id=mass_50/html/0177-01.html | n_tokens=1767 | text=6.62KB | kv_est=552.19MB | pt=552.21MB | kv_time=5.061s | gpu_alloc=47.13GB gpu_reserved=66.26GB
2026-02-15 14:44:22 | INFO | case=143 | id=mass_50/html/0180-01.html | n_tokens=972 | text=3.55KB | kv_est=303.75MB | pt=303.77MB | kv_time=2.944s | gpu_alloc=47.44GB gpu_reserved=66.26GB
2026-02-15 14:44:50 | INFO | case=144 | id=mass_50/html/0182-01.html | n_tokens=9600 | text=36.08KB | kv_est=2.93GB | pt=2.93GB | kv_time=27.972s | gpu_alloc=50.37GB gpu_reserved=66.26GB
2026-02-15 14:45:01 | INFO | case=145 | id=mass_50/html/0199-01.html | n_tokens=3935 | text=14.12KB | kv_est=1.20GB | pt=1.20GB | kv_time=10.755s | gpu_alloc=37.79GB gpu_reserved=66.26GB
2026-02-15 14:45:10 | INFO | case=146 | id=mass_50/html/0205-01.html | n_tokens=3595 | text=14.30KB | kv_est=1.10GB | pt=1.10GB | kv_time=9.744s | gpu_alloc=38.89GB gpu_reserved=66.26GB
2026-02-15 14:45:49 | INFO | case=147 | id=mass_50/html/0212-01.html | n_tokens=12669 | text=47.06KB | kv_est=3.87GB | pt=3.87GB | kv_time=39.188s | gpu_alloc=42.76GB gpu_reserved=66.26GB
2026-02-15 14:45:56 | INFO | case=148 | id=mass_50/html/0233-01.html | n_tokens=2222 | text=8.10KB | kv_est=694.38MB | pt=694.40MB | kv_time=6.580s | gpu_alloc=38.48GB gpu_reserved=66.26GB
2026-02-15 14:46:24 | INFO | case=149 | id=mass_50/html/0237-01.html | n_tokens=9494 | text=35.30KB | kv_est=2.90GB | pt=2.90GB | kv_time=28.008s | gpu_alloc=41.37GB gpu_reserved=66.26GB
2026-02-15 14:46:34 | INFO | case=150 | id=mass_50/html/0253-01.html | n_tokens=3633 | text=14.28KB | kv_est=1.11GB | pt=1.11GB | kv_time=9.983s | gpu_alloc=42.48GB gpu_reserved=66.26GB
2026-02-15 14:46:34 | INFO | PROGRESS cases=150 (skipped: not_reporter=461032, bad_id=41, missing_text=0) | pt_total=133.29GB | kv_time_sum=1289.9s | wall=1415.6s
2026-02-15 14:46:40 | INFO | case=151 | id=mass_50/html/0259-01.html | n_tokens=2209 | text=8.31KB | kv_est=690.31MB | pt=690.34MB | kv_time=6.473s | gpu_alloc=39.15GB gpu_reserved=66.26GB
2026-02-15 14:46:48 | INFO | case=152 | id=mass_50/html/0263-01.html | n_tokens=2654 | text=10.13KB | kv_est=829.38MB | pt=829.40MB | kv_time=7.723s | gpu_alloc=39.96GB gpu_reserved=66.26GB
2026-02-15 14:46:56 | INFO | case=153 | id=mass_50/html/0268-01.html | n_tokens=2759 | text=10.99KB | kv_est=862.19MB | pt=862.21MB | kv_time=7.585s | gpu_alloc=40.81GB gpu_reserved=66.26GB
2026-02-15 14:47:03 | INFO | case=154 | id=mass_50/html/0273-01.html | n_tokens=2421 | text=9.19KB | kv_est=756.56MB | pt=756.59MB | kv_time=7.152s | gpu_alloc=39.90GB gpu_reserved=66.26GB
2026-02-15 14:47:07 | INFO | case=155 | id=mass_50/html/0278-01.html | n_tokens=1303 | text=4.74KB | kv_est=407.19MB | pt=407.21MB | kv_time=4.151s | gpu_alloc=40.30GB gpu_reserved=66.26GB
2026-02-15 14:47:11 | INFO | case=156 | id=mass_50/html/0280-01.html | n_tokens=1422 | text=5.12KB | kv_est=444.38MB | pt=444.40MB | kv_time=4.268s | gpu_alloc=40.74GB gpu_reserved=66.26GB
2026-02-15 14:47:24 | INFO | case=157 | id=mass_50/html/0282-01.html | n_tokens=4459 | text=18.01KB | kv_est=1.36GB | pt=1.36GB | kv_time=12.303s | gpu_alloc=41.26GB gpu_reserved=66.26GB
2026-02-15 14:47:26 | INFO | case=158 | id=mass_50/html/0291-01.html | n_tokens=852 | text=2.95KB | kv_est=266.25MB | pt=266.27MB | kv_time=2.748s | gpu_alloc=41.54GB gpu_reserved=66.26GB
2026-02-15 14:47:35 | INFO | case=159 | id=mass_50/html/0292-01.html | n_tokens=3169 | text=11.13KB | kv_est=990.31MB | pt=990.34MB | kv_time=8.846s | gpu_alloc=42.51GB gpu_reserved=66.26GB
2026-02-15 14:47:45 | INFO | case=160 | id=mass_50/html/0297-01.html | n_tokens=3456 | text=13.32KB | kv_est=1.05GB | pt=1.05GB | kv_time=9.263s | gpu_alloc=42.31GB gpu_reserved=66.26GB
2026-02-15 14:47:50 | INFO | case=161 | id=mass_50/html/0303-01.html | n_tokens=1752 | text=6.41KB | kv_est=547.50MB | pt=547.52MB | kv_time=5.137s | gpu_alloc=42.86GB gpu_reserved=66.26GB
2026-02-15 14:48:05 | INFO | case=162 | id=mass_50/html/0306-01.html | n_tokens=5398 | text=21.96KB | kv_est=1.65GB | pt=1.65GB | kv_time=15.455s | gpu_alloc=44.51GB gpu_reserved=66.26GB
2026-02-15 14:48:13 | INFO | case=163 | id=mass_50/html/0316-01.html | n_tokens=3054 | text=11.58KB | kv_est=954.38MB | pt=954.40MB | kv_time=8.255s | gpu_alloc=43.25GB gpu_reserved=66.26GB
2026-02-15 14:48:27 | INFO | case=164 | id=mass_50/html/0322-01.html | n_tokens=4490 | text=15.71KB | kv_est=1.37GB | pt=1.37GB | kv_time=13.310s | gpu_alloc=44.62GB gpu_reserved=66.26GB
2026-02-15 14:48:42 | INFO | case=165 | id=mass_50/html/0329-01.html | n_tokens=5487 | text=21.75KB | kv_est=1.67GB | pt=1.67GB | kv_time=15.284s | gpu_alloc=46.30GB gpu_reserved=66.26GB
2026-02-15 14:48:46 | INFO | case=166 | id=mass_50/html/0339-01.html | n_tokens=1180 | text=4.75KB | kv_est=368.75MB | pt=368.77MB | kv_time=3.811s | gpu_alloc=43.63GB gpu_reserved=66.26GB
2026-02-15 14:48:55 | INFO | case=167 | id=mass_50/html/0341-01.html | n_tokens=3110 | text=10.56KB | kv_est=971.88MB | pt=971.90MB | kv_time=8.737s | gpu_alloc=44.58GB gpu_reserved=66.26GB
2026-02-15 14:49:07 | INFO | case=168 | id=mass_50/html/0346-01.html | n_tokens=4534 | text=17.58KB | kv_est=1.38GB | pt=1.38GB | kv_time=12.576s | gpu_alloc=45.97GB gpu_reserved=66.26GB
2026-02-15 14:49:29 | INFO | case=169 | id=mass_50/html/0354-01.html | n_tokens=7467 | text=28.54KB | kv_est=2.28GB | pt=2.28GB | kv_time=21.337s | gpu_alloc=45.91GB gpu_reserved=66.26GB
2026-02-15 14:49:35 | INFO | case=170 | id=mass_50/html/0367-01.html | n_tokens=2316 | text=8.12KB | kv_est=723.75MB | pt=723.77MB | kv_time=6.237s | gpu_alloc=46.62GB gpu_reserved=66.26GB
2026-02-15 14:49:50 | INFO | case=171 | id=mass_50/html/0371-01.html | n_tokens=5540 | text=20.72KB | kv_est=1.69GB | pt=1.69GB | kv_time=15.131s | gpu_alloc=48.31GB gpu_reserved=66.26GB
2026-02-15 14:50:17 | INFO | case=172 | id=mass_50/html/0380-01.html | n_tokens=9399 | text=35.16KB | kv_est=2.87GB | pt=2.87GB | kv_time=26.510s | gpu_alloc=48.78GB gpu_reserved=66.26GB
2026-02-15 14:50:35 | INFO | case=173 | id=mass_50/html/0395-01.html | n_tokens=6408 | text=23.92KB | kv_est=1.96GB | pt=1.96GB | kv_time=18.004s | gpu_alloc=50.73GB gpu_reserved=66.26GB
2026-02-15 14:50:39 | INFO | case=174 | id=mass_50/html/0407-01.html | n_tokens=1698 | text=6.37KB | kv_est=530.62MB | pt=530.65MB | kv_time=4.572s | gpu_alloc=51.26GB gpu_reserved=66.26GB
2026-02-15 14:50:43 | INFO | case=175 | id=mass_50/html/0410-01.html | n_tokens=1334 | text=4.97KB | kv_est=416.88MB | pt=416.90MB | kv_time=4.145s | gpu_alloc=49.19GB gpu_reserved=66.26GB
2026-02-15 14:50:50 | INFO | case=176 | id=mass_50/html/0413-01.html | n_tokens=2472 | text=9.11KB | kv_est=772.50MB | pt=772.52MB | kv_time=6.783s | gpu_alloc=49.94GB gpu_reserved=66.26GB
2026-02-15 14:50:52 | INFO | case=177 | id=mass_50/html/0417-01.html | n_tokens=546 | text=1.95KB | kv_est=170.62MB | pt=170.65MB | kv_time=1.669s | gpu_alloc=50.13GB gpu_reserved=66.26GB
2026-02-15 14:50:59 | INFO | case=178 | id=mass_50/html/0418-01.html | n_tokens=2691 | text=10.17KB | kv_est=840.94MB | pt=840.96MB | kv_time=7.356s | gpu_alloc=50.01GB gpu_reserved=66.26GB
2026-02-15 14:51:16 | INFO | case=179 | id=mass_50/html/0423-01.html | n_tokens=6117 | text=24.03KB | kv_est=1.87GB | pt=1.87GB | kv_time=17.264s | gpu_alloc=51.88GB gpu_reserved=66.26GB
2026-02-15 14:51:26 | INFO | case=180 | id=mass_50/html/0434-01.html | n_tokens=3456 | text=13.79KB | kv_est=1.05GB | pt=1.05GB | kv_time=9.388s | gpu_alloc=52.94GB gpu_reserved=66.26GB
2026-02-15 14:51:37 | INFO | case=181 | id=mass_50/html/0440-01.html | n_tokens=4063 | text=14.28KB | kv_est=1.24GB | pt=1.24GB | kv_time=10.912s | gpu_alloc=39.03GB gpu_reserved=66.26GB
2026-02-15 14:51:48 | INFO | case=182 | id=mass_50/html/0447-01.html | n_tokens=4207 | text=15.50KB | kv_est=1.28GB | pt=1.28GB | kv_time=11.583s | gpu_alloc=40.32GB gpu_reserved=66.26GB
2026-02-15 14:51:57 | INFO | case=183 | id=mass_50/html/0454-01.html | n_tokens=3068 | text=11.63KB | kv_est=958.75MB | pt=958.77MB | kv_time=8.267s | gpu_alloc=41.26GB gpu_reserved=66.26GB
2026-02-15 14:52:02 | INFO | case=184 | id=mass_50/html/0459-01.html | n_tokens=1769 | text=6.37KB | kv_est=552.81MB | pt=552.84MB | kv_time=5.216s | gpu_alloc=39.57GB gpu_reserved=66.26GB
2026-02-15 14:52:12 | INFO | case=185 | id=mass_50/html/0462-01.html | n_tokens=3593 | text=13.03KB | kv_est=1.10GB | pt=1.10GB | kv_time=9.888s | gpu_alloc=40.67GB gpu_reserved=66.26GB
2026-02-15 14:52:14 | INFO | case=186 | id=mass_50/html/0469-01.html | n_tokens=850 | text=3.15KB | kv_est=265.62MB | pt=265.65MB | kv_time=2.616s | gpu_alloc=40.94GB gpu_reserved=66.26GB
2026-02-15 14:52:22 | INFO | case=187 | id=mass_50/html/0471-01.html | n_tokens=2839 | text=10.78KB | kv_est=887.19MB | pt=887.21MB | kv_time=7.989s | gpu_alloc=40.44GB gpu_reserved=66.26GB
2026-02-15 14:52:32 | INFO | case=188 | id=mass_50/html/0476-01.html | n_tokens=3775 | text=14.36KB | kv_est=1.15GB | pt=1.15GB | kv_time=10.236s | gpu_alloc=41.60GB gpu_reserved=66.26GB
2026-02-15 14:52:42 | INFO | case=189 | id=mass_50/html/0482-01.html | n_tokens=3588 | text=13.32KB | kv_est=1.09GB | pt=1.09GB | kv_time=9.913s | gpu_alloc=42.69GB gpu_reserved=66.26GB
2026-02-15 14:52:47 | INFO | case=190 | id=mass_50/html/0489-01.html | n_tokens=1878 | text=7.48KB | kv_est=586.88MB | pt=586.90MB | kv_time=4.915s | gpu_alloc=41.02GB gpu_reserved=66.26GB
2026-02-15 14:52:58 | INFO | case=191 | id=mass_50/html/0492-01.html | n_tokens=3819 | text=14.38KB | kv_est=1.17GB | pt=1.17GB | kv_time=10.500s | gpu_alloc=42.19GB gpu_reserved=66.26GB
2026-02-15 14:53:08 | INFO | case=192 | id=mass_50/html/0499-01.html | n_tokens=3233 | text=12.11KB | kv_est=1010.31MB | pt=1010.34MB | kv_time=9.670s | gpu_alloc=43.18GB gpu_reserved=66.26GB
2026-02-15 14:53:15 | INFO | case=193 | id=mass_50/html/0504-01.html | n_tokens=2454 | text=9.34KB | kv_est=766.88MB | pt=766.90MB | kv_time=7.713s | gpu_alloc=41.77GB gpu_reserved=66.26GB
2026-02-15 14:53:20 | INFO | case=194 | id=mass_50/html/0509-01.html | n_tokens=1493 | text=5.38KB | kv_est=466.56MB | pt=466.59MB | kv_time=4.719s | gpu_alloc=42.23GB gpu_reserved=66.26GB
2026-02-15 14:53:31 | INFO | case=195 | id=mass_50/html/0511-01.html | n_tokens=3874 | text=13.24KB | kv_est=1.18GB | pt=1.18GB | kv_time=10.774s | gpu_alloc=43.41GB gpu_reserved=66.26GB
2026-02-15 14:53:34 | INFO | case=196 | id=mass_50/html/0517-01.html | n_tokens=1117 | text=4.16KB | kv_est=349.06MB | pt=349.09MB | kv_time=3.535s | gpu_alloc=42.12GB gpu_reserved=66.26GB
2026-02-15 14:53:39 | INFO | case=197 | id=mass_50/html/0519-01.html | n_tokens=1688 | text=5.82KB | kv_est=527.50MB | pt=527.52MB | kv_time=4.606s | gpu_alloc=42.64GB gpu_reserved=66.26GB
2026-02-15 14:53:43 | INFO | case=198 | id=mass_50/html/0522-01.html | n_tokens=1716 | text=6.02KB | kv_est=536.25MB | pt=536.27MB | kv_time=4.475s | gpu_alloc=43.17GB gpu_reserved=66.26GB
2026-02-15 14:54:09 | INFO | case=199 | id=mass_50/html/0525-01.html | n_tokens=8796 | text=32.82KB | kv_est=2.68GB | pt=2.68GB | kv_time=25.164s | gpu_alloc=44.81GB gpu_reserved=66.26GB
2026-02-15 14:54:19 | INFO | case=200 | id=mass_50/html/0540-01.html | n_tokens=4070 | text=14.82KB | kv_est=1.24GB | pt=1.24GB | kv_time=10.865s | gpu_alloc=46.05GB gpu_reserved=66.26GB
2026-02-15 14:54:19 | INFO | PROGRESS cases=200 (skipped: not_reporter=461032, bad_id=41, missing_text=0) | pt_total=183.65GB | kv_time_sum=1754.9s | wall=1881.0s
2026-02-15 14:54:29 | INFO | case=201 | id=mass_50/html/0547-01.html | n_tokens=3510 | text=12.59KB | kv_est=1.07GB | pt=1.07GB | kv_time=9.576s | gpu_alloc=47.14GB gpu_reserved=66.26GB
2026-02-15 14:54:36 | INFO | case=202 | id=mass_50/html/0553-01.html | n_tokens=2247 | text=8.92KB | kv_est=702.19MB | pt=702.21MB | kv_time=6.612s | gpu_alloc=45.49GB gpu_reserved=66.26GB
2026-02-15 14:54:43 | INFO | case=203 | id=mass_50/html/0557-01.html | n_tokens=2767 | text=10.54KB | kv_est=864.69MB | pt=864.71MB | kv_time=7.836s | gpu_alloc=46.34GB gpu_reserved=66.26GB
2026-02-15 14:54:46 | INFO | case=204 | id=mass_50/html/0562-01.html | n_tokens=872 | text=3.43KB | kv_est=272.50MB | pt=272.52MB | kv_time=2.520s | gpu_alloc=46.63GB gpu_reserved=66.26GB
2026-02-15 14:54:56 | INFO | case=205 | id=mass_50/html/0564-01.html | n_tokens=3513 | text=12.26KB | kv_est=1.07GB | pt=1.07GB | kv_time=9.697s | gpu_alloc=46.57GB gpu_reserved=66.26GB
2026-02-15 14:55:01 | INFO | case=206 | id=mass_50/html/0569-01.html | n_tokens=1766 | text=6.66KB | kv_est=551.88MB | pt=551.90MB | kv_time=5.207s | gpu_alloc=47.11GB gpu_reserved=66.26GB
2026-02-15 14:55:09 | INFO | case=207 | id=mass_50/html/0572-01.html | n_tokens=2977 | text=10.69KB | kv_est=930.31MB | pt=930.34MB | kv_time=8.118s | gpu_alloc=48.02GB gpu_reserved=66.26GB
2026-02-15 14:55:15 | INFO | case=208 | id=mass_50/html/0577-01.html | n_tokens=2032 | text=7.18KB | kv_est=635.00MB | pt=635.02MB | kv_time=5.547s | gpu_alloc=47.19GB gpu_reserved=66.26GB
2026-02-15 14:55:19 | INFO | case=209 | id=mass_50/html/0581-01.html | n_tokens=1649 | text=5.84KB | kv_est=515.31MB | pt=515.34MB | kv_time=4.514s | gpu_alloc=47.70GB gpu_reserved=66.26GB
2026-02-15 14:55:23 | INFO | case=210 | id=mass_50/html/0583-01.html | n_tokens=1029 | text=3.48KB | kv_est=321.56MB | pt=321.59MB | kv_time=3.430s | gpu_alloc=48.02GB gpu_reserved=66.26GB
2026-02-15 14:55:25 | INFO | case=211 | id=mass_50/html/0585-01.html | n_tokens=954 | text=3.44KB | kv_est=298.12MB | pt=298.15MB | kv_time=2.677s | gpu_alloc=47.48GB gpu_reserved=66.26GB
2026-02-15 14:55:30 | INFO | case=212 | id=mass_50/html/0587-01.html | n_tokens=1630 | text=5.96KB | kv_est=509.38MB | pt=509.40MB | kv_time=4.930s | gpu_alloc=47.99GB gpu_reserved=66.26GB
2026-02-15 14:55:35 | INFO | case=213 | id=mass_51/html/0001-01.html | n_tokens=1913 | text=7.27KB | kv_est=597.81MB | pt=597.84MB | kv_time=5.141s | gpu_alloc=48.59GB gpu_reserved=66.26GB
2026-02-15 14:55:39 | INFO | case=214 | id=mass_51/html/0005-01.html | n_tokens=1191 | text=4.27KB | kv_est=372.19MB | pt=372.21MB | kv_time=3.266s | gpu_alloc=47.86GB gpu_reserved=66.26GB
2026-02-15 14:55:50 | INFO | case=215 | id=mass_51/html/0007-01.html | n_tokens=4095 | text=15.64KB | kv_est=1.25GB | pt=1.25GB | kv_time=11.446s | gpu_alloc=49.11GB gpu_reserved=66.26GB
2026-02-15 14:55:55 | INFO | case=216 | id=mass_51/html/0014-01.html | n_tokens=1796 | text=7.05KB | kv_est=561.25MB | pt=561.27MB | kv_time=4.969s | gpu_alloc=49.67GB gpu_reserved=66.26GB
2026-02-15 14:56:12 | INFO | case=217 | id=mass_51/html/0017-01.html | n_tokens=5908 | text=22.41KB | kv_est=1.80GB | pt=1.80GB | kv_time=16.757s | gpu_alloc=40.83GB gpu_reserved=66.26GB
2026-02-15 14:56:19 | INFO | case=218 | id=mass_51/html/0027-01.html | n_tokens=2741 | text=10.74KB | kv_est=856.56MB | pt=856.59MB | kv_time=7.371s | gpu_alloc=41.67GB gpu_reserved=66.26GB
2026-02-15 14:56:28 | INFO | case=219 | id=mass_51/html/0032-01.html | n_tokens=3140 | text=11.33KB | kv_est=981.25MB | pt=981.27MB | kv_time=8.657s | gpu_alloc=42.63GB gpu_reserved=66.26GB
2026-02-15 14:56:33 | INFO | case=220 | id=mass_51/html/0037-01.html | n_tokens=1555 | text=5.99KB | kv_est=485.94MB | pt=485.96MB | kv_time=4.913s | gpu_alloc=41.31GB gpu_reserved=66.26GB
2026-02-15 14:56:40 | INFO | case=221 | id=mass_51/html/0040-01.html | n_tokens=2700 | text=9.30KB | kv_est=843.75MB | pt=843.77MB | kv_time=7.355s | gpu_alloc=42.15GB gpu_reserved=66.26GB
2026-02-15 14:56:48 | INFO | case=222 | id=mass_51/html/0044-01.html | n_tokens=2992 | text=11.33KB | kv_est=935.00MB | pt=935.02MB | kv_time=7.999s | gpu_alloc=43.06GB gpu_reserved=66.26GB
2026-02-15 14:56:55 | INFO | case=223 | id=mass_51/html/0050-01.html | n_tokens=2535 | text=9.98KB | kv_est=792.19MB | pt=792.21MB | kv_time=6.903s | gpu_alloc=42.09GB gpu_reserved=66.26GB
2026-02-15 14:57:01 | INFO | case=224 | id=mass_51/html/0054-01.html | n_tokens=2128 | text=8.23KB | kv_est=665.00MB | pt=665.02MB | kv_time=6.225s | gpu_alloc=42.74GB gpu_reserved=66.26GB
2026-02-15 14:57:08 | INFO | case=225 | id=mass_51/html/0058-01.html | n_tokens=2481 | text=9.39KB | kv_est=775.31MB | pt=775.34MB | kv_time=6.720s | gpu_alloc=43.50GB gpu_reserved=66.26GB
2026-02-15 14:57:48 | INFO | case=226 | id=mass_51/html/0062-01.html | n_tokens=13217 | text=50.84KB | kv_est=4.03GB | pt=4.03GB | kv_time=40.190s | gpu_alloc=46.12GB gpu_reserved=66.26GB
2026-02-15 14:57:55 | INFO | case=227 | id=mass_51/html/0082-01.html | n_tokens=2193 | text=8.27KB | kv_est=685.31MB | pt=685.34MB | kv_time=7.050s | gpu_alloc=46.79GB gpu_reserved=66.26GB
2026-02-15 14:58:06 | INFO | case=228 | id=mass_51/html/0087-01.html | n_tokens=3789 | text=13.80KB | kv_est=1.16GB | pt=1.16GB | kv_time=10.419s | gpu_alloc=47.95GB gpu_reserved=66.26GB
2026-02-15 14:58:18 | INFO | case=229 | id=mass_51/html/0094-01.html | n_tokens=4400 | text=16.48KB | kv_est=1.34GB | pt=1.34GB | kv_time=12.322s | gpu_alloc=47.47GB gpu_reserved=66.26GB
2026-02-15 14:58:29 | INFO | case=230 | id=mass_51/html/0101-01.html | n_tokens=3988 | text=15.04KB | kv_est=1.22GB | pt=1.22GB | kv_time=11.098s | gpu_alloc=48.69GB gpu_reserved=66.26GB
2026-02-15 14:58:35 | INFO | case=231 | id=mass_51/html/0108-01.html | n_tokens=2145 | text=7.83KB | kv_est=670.31MB | pt=670.34MB | kv_time=6.366s | gpu_alloc=49.34GB gpu_reserved=66.26GB
2026-02-15 14:58:42 | INFO | case=232 | id=mass_51/html/0112-01.html | n_tokens=2133 | text=7.22KB | kv_est=666.56MB | pt=666.59MB | kv_time=6.303s | gpu_alloc=48.12GB gpu_reserved=66.26GB
2026-02-15 14:58:53 | INFO | case=233 | id=mass_51/html/0115-01.html | n_tokens=4198 | text=15.55KB | kv_est=1.28GB | pt=1.28GB | kv_time=11.709s | gpu_alloc=49.40GB gpu_reserved=66.26GB
2026-02-15 14:59:00 | INFO | case=234 | id=mass_51/html/0122-01.html | n_tokens=2121 | text=7.75KB | kv_est=662.81MB | pt=662.84MB | kv_time=6.356s | gpu_alloc=50.05GB gpu_reserved=66.26GB
2026-02-15 14:59:03 | INFO | case=235 | id=mass_51/html/0126-01.html | n_tokens=1152 | text=4.30KB | kv_est=360.00MB | pt=360.02MB | kv_time=3.264s | gpu_alloc=48.49GB gpu_reserved=66.26GB
2026-02-15 14:59:10 | INFO | case=236 | id=mass_51/html/0128-01.html | n_tokens=2559 | text=9.55KB | kv_est=799.69MB | pt=799.71MB | kv_time=6.785s | gpu_alloc=49.28GB gpu_reserved=66.26GB
2026-02-15 14:59:19 | INFO | case=237 | id=mass_51/html/0132-01.html | n_tokens=3372 | text=12.75KB | kv_est=1.03GB | pt=1.03GB | kv_time=9.064s | gpu_alloc=50.31GB gpu_reserved=66.26GB
2026-02-15 14:59:38 | INFO | case=238 | id=mass_51/html/0138-01.html | n_tokens=6825 | text=25.45KB | kv_est=2.08GB | pt=2.08GB | kv_time=19.415s | gpu_alloc=50.57GB gpu_reserved=66.26GB
2026-02-15 14:59:46 | INFO | case=239 | id=mass_51/html/0150-01.html | n_tokens=2797 | text=10.67KB | kv_est=874.06MB | pt=874.09MB | kv_time=7.748s | gpu_alloc=51.43GB gpu_reserved=66.26GB
2026-02-15 14:59:54 | INFO | case=240 | id=mass_51/html/0155-01.html | n_tokens=2815 | text=10.70KB | kv_est=879.69MB | pt=879.71MB | kv_time=7.682s | gpu_alloc=52.29GB gpu_reserved=66.26GB
2026-02-15 15:00:08 | INFO | case=241 | id=mass_51/html/0160-01.html | n_tokens=5104 | text=19.63KB | kv_est=1.56GB | pt=1.56GB | kv_time=14.036s | gpu_alloc=52.13GB gpu_reserved=66.26GB
2026-02-15 15:00:11 | INFO | case=242 | id=mass_51/html/0170-01.html | n_tokens=1072 | text=4.03KB | kv_est=335.00MB | pt=335.02MB | kv_time=3.186s | gpu_alloc=52.46GB gpu_reserved=66.26GB
2026-02-15 15:00:18 | INFO | case=243 | id=mass_51/html/0172-01.html | n_tokens=2411 | text=8.78KB | kv_est=753.44MB | pt=753.46MB | kv_time=7.015s | gpu_alloc=53.19GB gpu_reserved=66.26GB
2026-02-15 15:00:26 | INFO | case=244 | id=mass_51/html/0176-01.html | n_tokens=2462 | text=9.20KB | kv_est=769.38MB | pt=769.40MB | kv_time=7.575s | gpu_alloc=52.88GB gpu_reserved=66.26GB
2026-02-15 15:00:35 | INFO | case=245 | id=mass_51/html/0180-01.html | n_tokens=3093 | text=10.67KB | kv_est=966.56MB | pt=966.59MB | kv_time=9.223s | gpu_alloc=53.83GB gpu_reserved=66.26GB
2026-02-15 15:00:39 | INFO | case=246 | id=mass_51/html/0185-01.html | n_tokens=1635 | text=6.18KB | kv_est=510.94MB | pt=510.96MB | kv_time=4.596s | gpu_alloc=54.33GB gpu_reserved=66.26GB
2026-02-15 15:00:47 | INFO | case=247 | id=mass_51/html/0188-01.html | n_tokens=2464 | text=9.59KB | kv_est=770.00MB | pt=770.02MB | kv_time=7.958s | gpu_alloc=53.63GB gpu_reserved=66.26GB
2026-02-15 15:00:51 | INFO | case=248 | id=mass_51/html/0192-01.html | n_tokens=1065 | text=3.70KB | kv_est=332.81MB | pt=332.84MB | kv_time=3.245s | gpu_alloc=53.96GB gpu_reserved=66.26GB
2026-02-15 15:01:01 | INFO | case=249 | id=mass_51/html/0194-01.html | n_tokens=3678 | text=13.22KB | kv_est=1.12GB | pt=1.12GB | kv_time=10.358s | gpu_alloc=55.09GB gpu_reserved=66.26GB
2026-02-15 15:01:06 | INFO | case=250 | id=mass_51/html/0200-01.html | n_tokens=1871 | text=7.10KB | kv_est=584.69MB | pt=584.71MB | kv_time=5.161s | gpu_alloc=54.21GB gpu_reserved=66.26GB
2026-02-15 15:01:06 | INFO | PROGRESS cases=250 (skipped: not_reporter=461032, bad_id=41, missing_text=0) | pt_total=227.20GB | kv_time_sum=2161.4s | wall=2287.8s
2026-02-15 15:01:12 | INFO | case=251 | id=mass_51/html/0203-01.html | n_tokens=2368 | text=9.06KB | kv_est=740.00MB | pt=740.02MB | kv_time=6.173s | gpu_alloc=54.93GB gpu_reserved=66.26GB
2026-02-15 15:01:18 | INFO | case=252 | id=mass_51/html/0208-01.html | n_tokens=1934 | text=7.06KB | kv_est=604.38MB | pt=604.40MB | kv_time=5.595s | gpu_alloc=55.54GB gpu_reserved=66.26GB
2026-02-15 15:01:27 | INFO | case=253 | id=mass_51/html/0211-01.html | n_tokens=3183 | text=12.70KB | kv_est=994.69MB | pt=994.71MB | kv_time=8.694s | gpu_alloc=41.81GB gpu_reserved=66.26GB
2026-02-15 15:01:34 | INFO | case=254 | id=mass_51/html/0217-01.html | n_tokens=2740 | text=9.88KB | kv_est=856.25MB | pt=856.27MB | kv_time=7.414s | gpu_alloc=42.64GB gpu_reserved=66.26GB
2026-02-15 15:01:36 | INFO | case=255 | id=mass_51/html/0222-01.html | n_tokens=674 | text=2.36KB | kv_est=210.62MB | pt=210.65MB | kv_time=2.164s | gpu_alloc=42.86GB gpu_reserved=66.26GB
2026-02-15 15:01:51 | INFO | case=256 | id=mass_51/html/0223-01.html | n_tokens=4694 | text=16.53KB | kv_est=1.43GB | pt=1.43GB | kv_time=14.282s | gpu_alloc=43.24GB gpu_reserved=66.26GB
2026-02-15 15:02:03 | INFO | case=257 | id=mass_51/html/0231-01.html | n_tokens=4098 | text=15.66KB | kv_est=1.25GB | pt=1.25GB | kv_time=12.319s | gpu_alloc=44.49GB gpu_reserved=66.26GB
2026-02-15 15:02:11 | INFO | case=258 | id=mass_51/html/0239-01.html | n_tokens=2959 | text=10.65KB | kv_est=924.69MB | pt=924.71MB | kv_time=8.206s | gpu_alloc=45.40GB gpu_reserved=66.26GB
2026-02-15 15:02:18 | INFO | case=259 | id=mass_51/html/0244-01.html | n_tokens=2401 | text=9.11KB | kv_est=750.31MB | pt=750.34MB | kv_time=6.818s | gpu_alloc=43.98GB gpu_reserved=66.26GB
2026-02-15 15:02:22 | INFO | case=260 | id=mass_51/html/0248-01.html | n_tokens=1418 | text=5.41KB | kv_est=443.12MB | pt=443.15MB | kv_time=4.135s | gpu_alloc=44.41GB gpu_reserved=66.26GB
2026-02-15 15:02:30 | INFO | case=261 | id=mass_51/html/0250-01.html | n_tokens=2779 | text=10.20KB | kv_est=868.44MB | pt=868.46MB | kv_time=7.795s | gpu_alloc=45.26GB gpu_reserved=66.26GB
2026-02-15 15:02:35 | INFO | case=262 | id=mass_51/html/0256-01.html | n_tokens=1811 | text=6.90KB | kv_est=565.94MB | pt=565.96MB | kv_time=4.863s | gpu_alloc=44.53GB gpu_reserved=66.26GB
2026-02-15 15:02:41 | INFO | case=263 | id=mass_51/html/0259-01.html | n_tokens=2166 | text=8.37KB | kv_est=676.88MB | pt=676.90MB | kv_time=6.134s | gpu_alloc=45.20GB gpu_reserved=66.26GB
2026-02-15 15:03:24 | INFO | case=264 | id=mass_51/html/0263-01.html | n_tokens=13633 | text=52.09KB | kv_est=4.16GB | pt=4.16GB | kv_time=43.143s | gpu_alloc=49.36GB gpu_reserved=66.26GB
2026-02-15 15:03:29 | INFO | case=265 | id=mass_51/html/0287-01.html | n_tokens=1999 | text=7.27KB | kv_est=624.69MB | pt=624.71MB | kv_time=5.386s | gpu_alloc=45.15GB gpu_reserved=66.26GB
2026-02-15 15:03:34 | INFO | case=266 | id=mass_51/html/0291-01.html | n_tokens=1742 | text=6.26KB | kv_est=544.38MB | pt=544.40MB | kv_time=4.975s | gpu_alloc=45.68GB gpu_reserved=66.26GB
2026-02-15 15:03:40 | INFO | case=267 | id=mass_51/html/0294-01.html | n_tokens=2037 | text=7.86KB | kv_est=636.56MB | pt=636.59MB | kv_time=5.336s | gpu_alloc=46.31GB gpu_reserved=66.26GB
2026-02-15 15:03:47 | INFO | case=268 | id=mass_51/html/0298-01.html | n_tokens=2851 | text=10.65KB | kv_est=890.94MB | pt=890.96MB | kv_time=7.621s | gpu_alloc=46.02GB gpu_reserved=66.26GB
2026-02-15 15:03:51 | INFO | case=269 | id=mass_51/html/0303-01.html | n_tokens=1325 | text=4.86KB | kv_est=414.06MB | pt=414.09MB | kv_time=3.922s | gpu_alloc=46.43GB gpu_reserved=66.26GB
2026-02-15 15:03:56 | INFO | case=270 | id=mass_51/html/0305-01.html | n_tokens=1901 | text=7.12KB | kv_est=594.06MB | pt=594.09MB | kv_time=4.963s | gpu_alloc=47.02GB gpu_reserved=66.26GB
2026-02-15 15:04:10 | INFO | case=271 | id=mass_51/html/0309-01.html | n_tokens=4804 | text=17.98KB | kv_est=1.47GB | pt=1.47GB | kv_time=13.700s | gpu_alloc=47.48GB gpu_reserved=66.26GB
2026-02-15 15:04:14 | INFO | case=272 | id=mass_51/html/0317-01.html | n_tokens=1532 | text=5.63KB | kv_est=478.75MB | pt=478.77MB | kv_time=4.523s | gpu_alloc=47.96GB gpu_reserved=66.26GB
2026-02-15 15:04:33 | INFO | case=273 | id=mass_51/html/0320-01.html | n_tokens=6434 | text=25.40KB | kv_est=1.96GB | pt=1.96GB | kv_time=18.210s | gpu_alloc=49.93GB gpu_reserved=66.26GB
2026-02-15 15:04:37 | INFO | case=274 | id=mass_51/html/0332-01.html | n_tokens=1372 | text=5.04KB | kv_est=428.75MB | pt=428.77MB | kv_time=4.232s | gpu_alloc=47.91GB gpu_reserved=66.26GB
2026-02-15 15:04:47 | INFO | case=275 | id=mass_51/html/0334-01.html | n_tokens=3663 | text=13.76KB | kv_est=1.12GB | pt=1.12GB | kv_time=10.171s | gpu_alloc=49.03GB gpu_reserved=66.26GB
2026-02-15 15:04:52 | INFO | case=276 | id=mass_51/html/0341-01.html | n_tokens=1735 | text=6.38KB | kv_est=542.19MB | pt=542.21MB | kv_time=5.144s | gpu_alloc=49.57GB gpu_reserved=66.26GB
2026-02-15 15:04:59 | INFO | case=277 | id=mass_51/html/0344-01.html | n_tokens=2535 | text=9.28KB | kv_est=792.19MB | pt=792.21MB | kv_time=6.894s | gpu_alloc=48.68GB gpu_reserved=66.26GB
2026-02-15 15:05:16 | INFO | case=278 | id=mass_51/html/0348-01.html | n_tokens=5988 | text=21.89KB | kv_est=1.83GB | pt=1.83GB | kv_time=16.951s | gpu_alloc=50.51GB gpu_reserved=66.26GB
2026-02-15 15:05:21 | INFO | case=279 | id=mass_51/html/0359-01.html | n_tokens=1900 | text=7.27KB | kv_est=593.75MB | pt=593.77MB | kv_time=5.052s | gpu_alloc=51.09GB gpu_reserved=66.26GB
2026-02-15 15:05:27 | INFO | case=280 | id=mass_51/html/0363-01.html | n_tokens=1946 | text=6.78KB | kv_est=608.12MB | pt=608.15MB | kv_time=5.519s | gpu_alloc=49.28GB gpu_reserved=66.26GB
2026-02-15 15:05:36 | INFO | case=281 | id=mass_51/html/0366-01.html | n_tokens=3017 | text=10.17KB | kv_est=942.81MB | pt=942.84MB | kv_time=9.723s | gpu_alloc=50.20GB gpu_reserved=66.26GB
2026-02-15 15:05:44 | INFO | case=282 | id=mass_51/html/0371-01.html | n_tokens=2374 | text=8.54KB | kv_est=741.88MB | pt=741.90MB | kv_time=7.790s | gpu_alloc=50.93GB gpu_reserved=66.26GB
2026-02-15 15:05:54 | INFO | case=283 | id=mass_51/html/0375-01.html | n_tokens=3487 | text=13.04KB | kv_est=1.06GB | pt=1.06GB | kv_time=10.371s | gpu_alloc=50.34GB gpu_reserved=66.26GB
2026-02-15 15:06:04 | INFO | case=284 | id=mass_51/html/0382-01.html | n_tokens=3350 | text=12.50KB | kv_est=1.02GB | pt=1.02GB | kv_time=9.241s | gpu_alloc=51.37GB gpu_reserved=66.26GB
2026-02-15 15:06:11 | INFO | case=285 | id=mass_51/html/0387-01.html | n_tokens=2735 | text=10.13KB | kv_est=854.69MB | pt=854.71MB | kv_time=7.410s | gpu_alloc=52.20GB gpu_reserved=66.26GB
2026-02-15 15:06:13 | INFO | case=286 | id=mass_51/html/0392-01.html | n_tokens=744 | text=2.71KB | kv_est=232.50MB | pt=232.52MB | kv_time=2.328s | gpu_alloc=50.58GB gpu_reserved=66.26GB
2026-02-15 15:06:29 | INFO | case=287 | id=mass_51/html/0393-01.html | n_tokens=5543 | text=19.12KB | kv_est=1.69GB | pt=1.69GB | kv_time=15.646s | gpu_alloc=52.28GB gpu_reserved=66.26GB
2026-02-15 15:06:32 | INFO | case=288 | id=mass_51/html/0402-01.html | n_tokens=969 | text=3.32KB | kv_est=302.81MB | pt=302.84MB | kv_time=2.931s | gpu_alloc=52.58GB gpu_reserved=66.26GB
2026-02-15 15:06:40 | INFO | case=289 | id=mass_51/html/0403-01.html | n_tokens=2686 | text=10.18KB | kv_est=839.38MB | pt=839.40MB | kv_time=7.820s | gpu_alloc=42.63GB gpu_reserved=66.26GB
2026-02-15 15:07:02 | INFO | case=290 | id=mass_51/html/0408-01.html | n_tokens=7675 | text=29.62KB | kv_est=2.34GB | pt=2.34GB | kv_time=21.979s | gpu_alloc=44.98GB gpu_reserved=66.26GB
2026-02-15 15:07:09 | INFO | case=291 | id=mass_51/html/0422-01.html | n_tokens=2693 | text=10.20KB | kv_est=841.56MB | pt=841.59MB | kv_time=7.398s | gpu_alloc=45.81GB gpu_reserved=66.26GB
2026-02-15 15:07:16 | INFO | case=292 | id=mass_51/html/0427-01.html | n_tokens=2163 | text=8.09KB | kv_est=675.94MB | pt=675.96MB | kv_time=6.388s | gpu_alloc=43.30GB gpu_reserved=66.26GB
2026-02-15 15:07:23 | INFO | case=293 | id=mass_51/html/0431-01.html | n_tokens=2429 | text=9.67KB | kv_est=759.06MB | pt=759.09MB | kv_time=7.217s | gpu_alloc=44.04GB gpu_reserved=66.26GB
2026-02-15 15:07:28 | INFO | case=294 | id=mass_51/html/0436-01.html | n_tokens=1972 | text=7.03KB | kv_est=616.25MB | pt=616.27MB | kv_time=5.654s | gpu_alloc=44.65GB gpu_reserved=66.26GB
2026-02-15 15:07:33 | INFO | case=295 | id=mass_51/html/0439-01.html | n_tokens=1345 | text=4.78KB | kv_est=420.31MB | pt=420.34MB | kv_time=4.274s | gpu_alloc=43.72GB gpu_reserved=66.26GB
2026-02-15 15:07:44 | INFO | case=296 | id=mass_51/html/0442-01.html | n_tokens=4074 | text=14.99KB | kv_est=1.24GB | pt=1.24GB | kv_time=11.158s | gpu_alloc=44.96GB gpu_reserved=66.26GB
2026-02-15 15:07:47 | INFO | case=297 | id=mass_51/html/0449-01.html | n_tokens=969 | text=3.75KB | kv_est=302.81MB | pt=302.84MB | kv_time=2.892s | gpu_alloc=45.26GB gpu_reserved=66.26GB
2026-02-15 15:07:53 | INFO | case=298 | id=mass_51/html/0451-01.html | n_tokens=2081 | text=6.74KB | kv_est=650.31MB | pt=650.34MB | kv_time=5.712s | gpu_alloc=44.35GB gpu_reserved=66.26GB
2026-02-15 15:08:01 | INFO | case=299 | id=mass_51/html/0454-01.html | n_tokens=3042 | text=11.77KB | kv_est=950.62MB | pt=950.65MB | kv_time=8.389s | gpu_alloc=45.28GB gpu_reserved=66.26GB
2026-02-15 15:08:06 | INFO | case=300 | id=mass_51/html/0459-01.html | n_tokens=1630 | text=5.94KB | kv_est=509.38MB | pt=509.40MB | kv_time=4.931s | gpu_alloc=45.78GB gpu_reserved=66.26GB
2026-02-15 15:08:06 | INFO | PROGRESS cases=300 (skipped: not_reporter=461032, bad_id=41, missing_text=0) | pt_total=271.63GB | kv_time_sum=2581.0s | wall=2707.4s
2026-02-15 15:08:10 | INFO | case=301 | id=mass_51/html/0462-01.html | n_tokens=1650 | text=6.15KB | kv_est=515.62MB | pt=515.65MB | kv_time=4.481s | gpu_alloc=44.86GB gpu_reserved=66.26GB
2026-02-15 15:08:21 | INFO | case=302 | id=mass_51/html/0465-01.html | n_tokens=3788 | text=13.85KB | kv_est=1.16GB | pt=1.16GB | kv_time=10.560s | gpu_alloc=46.01GB gpu_reserved=66.26GB
2026-02-15 15:08:34 | INFO | case=303 | id=mass_51/html/0472-01.html | n_tokens=4793 | text=18.32KB | kv_est=1.46GB | pt=1.46GB | kv_time=13.377s | gpu_alloc=47.48GB gpu_reserved=66.26GB
2026-02-15 15:08:56 | INFO | case=304 | id=mass_51/html/0481-01.html | n_tokens=7600 | text=28.66KB | kv_est=2.32GB | pt=2.32GB | kv_time=21.511s | gpu_alloc=47.18GB gpu_reserved=66.26GB
2026-02-15 15:09:03 | INFO | case=305 | id=mass_51/html/0495-01.html | n_tokens=2699 | text=10.17KB | kv_est=843.44MB | pt=843.46MB | kv_time=7.390s | gpu_alloc=48.01GB gpu_reserved=66.26GB
2026-02-15 15:09:06 | INFO | case=306 | id=mass_51/html/0500-01.html | n_tokens=890 | text=3.54KB | kv_est=278.12MB | pt=278.15MB | kv_time=2.594s | gpu_alloc=48.28GB gpu_reserved=66.26GB
2026-02-15 15:09:12 | INFO | case=307 | id=mass_51/html/0502-01.html | n_tokens=2170 | text=8.07KB | kv_est=678.12MB | pt=678.15MB | kv_time=6.416s | gpu_alloc=47.84GB gpu_reserved=66.26GB
2026-02-15 15:09:15 | INFO | case=308 | id=mass_51/html/0506-01.html | n_tokens=905 | text=3.45KB | kv_est=282.81MB | pt=282.84MB | kv_time=2.911s | gpu_alloc=48.13GB gpu_reserved=66.26GB
2026-02-15 15:09:36 | INFO | case=309 | id=mass_51/html/0508-01.html | n_tokens=7195 | text=28.62KB | kv_est=2.20GB | pt=2.20GB | kv_time=20.530s | gpu_alloc=50.33GB gpu_reserved=66.26GB
2026-02-15 15:09:41 | INFO | case=310 | id=mass_51/html/0521-01.html | n_tokens=1774 | text=6.73KB | kv_est=554.38MB | pt=554.40MB | kv_time=5.148s | gpu_alloc=48.39GB gpu_reserved=66.26GB
